00:12 ControllerContainerAllowingPrivilegeEscalation [input/policies]
00:12 ControllerContainerBlockHostPath [input/policies]
00:12 ControllerContainerBlockPortsRange [input/policies]
00:12 ControllerContainerBlockSSHPort [input/policies]
00:12 ControllerContainerBlockSysctls [input/policies]
00:12 ControllerContainerBlockSysctls_CVE-2022-0811 [input/policies]
00:12 ControllerContainerLinuxCapabilities [input/policies]
00:12 ControllerContainerRunningAsRoot [input/policies]
00:12 ControllerContainerRunningAsUser [input/policies]
00:12 ControllerContainerRunningPrivilegedMode [input/policies]
00:12 ControllerContainerServiceAccountTokenAutomount [input/policies]
00:12 ControllerContainerUsingHostPort [input/policies]
00:12 ControllerDockerSocketMount [input/policies]
00:12 ControllerImagePullPolicy [input/policies]
00:12 ControllerImageTag [input/policies]
00:12 ControllerMinimumReplicaCount [input/policies]
00:12 ControllerMissingKubernetesAppComponentLabel [input/policies]
00:12 ControllerMissingKubernetesAppCreatedByLabel [input/policies]
00:12 ControllerMissingKubernetesAppInstanceLabel [input/policies]
00:12 ControllerMissingKubernetesAppLabel [input/policies]
00:12 ControllerMissingKubernetesAppManagedByLabel [input/policies]
00:12 ControllerMissingKubernetesAppPartOfLabel [input/policies]
00:12 ControllerMissingKubernetesAppVersionLabel [input/policies]
00:12 ControllerMissingLivenessProbe [input/policies]
00:12 ControllerMissingNamespace [input/policies]
00:12 ControllerMissingOwnerLabel [input/policies]
00:12 ControllerMissingReadinessProbe [input/policies]
00:12 ControllerMissingSecurityContext [input/policies]
00:12 ControllerMissingStartupProbe [input/policies]
00:12 ControllerProhibitNamespace [input/policies]
00:12 ControllerReadOnlyFileSystem [input/policies]
00:12 ControllerRestartPolicy [input/policies]
00:12 ControllerSeccompRuntimeDefault [input/policies]
00:12 ControllerShareHostIPC [input/policies]
00:12 ControllerShareHostNetwork [input/policies]
00:12 ControllerShareHostPID [input/policies]
00:12 ControllerShareProcessNamespace [input/policies]
00:12 ControllerTolerations [input/policies]
00:12 FluxBucketInsecure [input/policies]
00:12 FluxHelmChartCosignVerification [input/policies]
00:12 FluxHelmChartValuesFormat [input/policies]
00:12 FluxHelmReleaseNameSpaceMatch [input/policies]
00:12 FluxHelmReleasePostRenderer [input/policies]
00:12 FluxHelmReleaseRollback [input/policies]
00:12 FluxHelmRepositoryType [input/policies]
00:12 FluxKustomizationImageTagStandards [input/policies]
00:12 FluxKustomizationVarSubstitution [input/policies]
00:12 FluxOCIRepositoryCosignVerification [input/policies]
00:12 FluxOCIRepositoryNotLatest [input/policies]
00:12 InfluxDBEnforceAdminTokenEnvVar [input/policies]
00:12 InfluxDBEnforceBucketEnvVar [input/policies]
00:12 InfluxDBEnforceOrgEnvVar [input/policies]
00:12 InfluxDBEnforcePasswordEnvVar [input/policies]
00:12 InfluxDBEnforceRetentionEnvVar [input/policies]
00:12 InfluxDBEnforceUsernameEnvVar [input/policies]
00:12 KubernetesProhibitNakedPods [input/policies]
00:12 MariaDBEnforceDatabaseEnvVar [input/policies]
00:12 MariaDBEnforceMysqlDatabaseEnvVar [input/policies]
00:12 MariaDBEnforceMysqlPasswordEnvVar [input/policies]
00:12 MariaDBEnforceMysqlRandomRootPasswordEnvVar [input/policies]
00:12 MariaDBEnforceMysqlRootPasswordEnvVar [input/policies]
00:12 MariaDBEnforceMysqlSkipTzinfoEnvVar [input/policies]
00:12 MariaDBEnforceMysqlUserEnvVar [input/policies]
00:12 MariaDBEnforcePasswordEnvVar [input/policies]
00:12 MariaDBEnforceRandomRootPasswordEnvVar [input/policies]
00:12 MariaDBEnforceRootPasswordEnvVar [input/policies]
00:12 MariaDBEnforceSkipTzinfoEnvVar [input/policies]
00:12 MariaDBEnforceUserEnvVar [input/policies]
00:12 MariaDBProhibitEmptyPasswordEnvVar [input/policies]
00:12 MariaDBProhibitMysqlEmptyPasswordEnvVar [input/policies]
00:12 MongoDBEnforceDatabaseEnvVar [input/policies]
00:12 MongoDBEnforceRootPasswordEnvVar [input/policies]
00:12 MongoDBEnforceRootPasswordFileEnvVar [input/policies]
00:12 MongoDBEnforceRootUsernameEnvVar [input/policies]
00:12 MongoDBEnforceRootUsernameFileEnvVar [input/policies]
00:12 MongoExpressEnforceAdminPasswordEnvVar [input/policies]
00:12 MongoExpressEnforceAdminUsernameEnvVar [input/policies]
00:12 MongoExpressEnforceAuthPasswordEnvVar [input/policies]
00:12 MongoExpressEnforceAuthUsernameEnvVar [input/policies]
00:12 MongoExpressEnforceBaseURLEnvVar [input/policies]
00:12 MongoExpressEnforceCookieSecretEnvVar [input/policies]
00:12 MongoExpressEnforceEditorThemeEnvVar [input/policies]
00:12 MongoExpressEnforceEnableAdminEnvVar [input/policies]
00:12 MongoExpressEnforceMongoPortEnvVar [input/policies]
00:12 MongoExpressEnforceMongoServerEnvVar [input/policies]
00:12 MongoExpressEnforceRequestSizeEnvVar [input/policies]
00:12 MongoExpressEnforceSessionSecretEnvVar [input/policies]
00:12 MongoExpressEnforceSSLCrtPathEnvVar [input/policies]
00:12 MongoExpressEnforceSSLEnabledEnvVar [input/policies]
00:12 MongoExpressEnforceSSLKeyPathEnvVar [input/policies]
00:12 MYSQLEnforceDatabaseEnvVar [input/policies]
00:12 MYSQLEnforceOnetimePasswordEnvVar [input/policies]
00:12 MYSQLEnforcePasswordEnvVar [input/policies]
00:12 MYSQLEnforceRandomRootPasswordEnvVar [input/policies]
00:12 MYSQLEnforceRootPasswordEnvVar [input/policies]
00:12 MYSQLEnforceSkipTzinfoEnvVar [input/policies]
00:12 MYSQLEnforceUserEnvVar [input/policies]
00:12 MYSQLProhibitEmptyPasswordEnvVar [input/policies]
00:12 NamespaceProhibitName [input/policies]
00:12 NetworkPolicyDefaultRulesBlockAllEgress [input/policies]
00:12 NetworkPolicyDefaultRulesBlockAllIngress [input/policies]
00:12 PersistentVolumeReclaimPolicy [input/policies]
00:12 PostgresEnforceAuthMethodEnvVar [input/policies]
00:12 PostgresEnforceDBEnvVar [input/policies]
00:12 PostgresEnforceInitDBArgsEnvVar [input/policies]
00:12 PostgresEnforceInitDBWaldirEnvVar [input/policies]
00:12 PostgresEnforcePasswordEnvVar [input/policies]
00:12 PostgresEnforcePGDataEnvVar [input/policies]
00:12 PostgresEnforceUserEnvVar [input/policies]
00:12 PrometheusRBACClusterRole [input/policies]
00:12 PrometheusRBACClusterRoleBinding [input/policies]
00:12 RabbitMQEnforceConfigFileEnvVar [input/policies]
00:12 RabbitMQEnforceDefaultPassEnvVar [input/policies]
00:12 RabbitMQEnforceDefaultUserEnvVar [input/policies]
00:12 RabbitMQEnforceDefaultVHostEnvVar [input/policies]
00:12 RabbitMQEnforceEnabledPluginsEnvVar [input/policies]
00:12 RabbitMQEnforceERLArgsEnvVar [input/policies]
00:12 RabbitMQEnforceGeneratedConfigDirEnvVar [input/policies]
00:12 RabbitMQEnforceLogBaseEnvVar [input/policies]
00:12 RabbitMQEnforceLogsEnvVar [input/policies]
00:12 RabbitMQEnforceMnesiaBaseEnvVar [input/policies]
00:12 RabbitMQEnforceMnesiaDirEnvVar [input/policies]
00:12 RabbitMQEnforcePidFileEnvVar [input/policies]
00:12 RabbitMQEnforcePluginsDirEnvVar [input/policies]
00:12 RabbitMQEnforcePluginsExpandDirEnvVar [input/policies]
00:12 RabbitMQEnforceSchemaDirEnvVar [input/policies]
00:12 RabbitMQEnforceSSLCACertFileEnvVar [input/policies]
00:12 RabbitMQEnforceSSLCertFileEnvVar [input/policies]
00:12 RabbitMQEnforceSSLDepthEnvVar [input/policies]
00:12 RabbitMQEnforceSSLFailNoPeerEnvVar [input/policies]
00:12 RabbitMQEnforceSSLKeyFileEnvVar [input/policies]
00:12 RabbitMQEnforceSSLVerifyEnvVar [input/policies]
00:12 RabbitMQEnforceVMMemoryEnvVar [input/policies]
00:12 RBACClusterRoleClusterAdmin [input/policies]
00:12 RBACProhibitListOnSecrets [input/policies]
00:12 RBACProhibitWatchOnSecrets [input/policies]
00:12 RBACProhibitWildcardOnSecrets [input/policies]
00:12 RBACProhibitWildcardsOnPolicyRuleResources [input/policies]
00:12 RBACProhibitWildcardsOnPolicyRuleVerbs [input/policies]
00:12 ServiceAccountDisableTokenAutomount [input/policies]
00:12 ServiceProhibitPortsRange [input/policies]
00:12 ServiceProhibitType [input/policies]
00:12 ServiceRestrictProtocols [input/policies]
00:12 ControllerAffinityNode [input/examples]
00:12 ControllerAffinityNodeSelector [input/examples]
00:12 ControllerAffinityPods [input/examples]
00:12 ControllerAntiAffinityPods [input/examples]
00:12 ControllerContainerEnforceEnvVar [input/examples]
00:12 ControllerContainerProhibitEnvVar [input/examples]
00:12 ControllerImageApprovedRegistry [input/examples]
00:12 ControllerImageName [input/examples]
00:12 ControllerMissingLabelValue [input/examples]
00:12 ControllerMissingMatchLabelKey [input/examples]
00:12   Yaml tests failed
00:12 ControllerProbesCustom [input/examples]
00:12 ControllerProbesNamedPort [input/examples]
00:12 ControllerResourcesMaxCPULimits [input/examples]
00:12 ControllerResourcesMaxCPURequests [input/examples]
00:12 ControllerResourcesMaxMemoryLimits [input/examples]
00:12 ControllerResourcesMaxMemoryRequests [input/examples]
00:12 ControllerResourcesMinCPULimits [input/examples]
00:12 ControllerResourcesMinCPURequests [input/examples]
00:12 ControllerResourcesMinMemoryLimits [input/examples]
00:12 ControllerResourcesMinMemoryRequests [input/examples]
00:12 ControllerSpecGeneric [input/examples]
00:12 ControllerSpecTemplateLabels [input/examples]
00:12   Yaml tests failed
00:12 FluxBucketApprovedRegion [input/examples]
00:12 FluxBucketEndpointDomain [input/examples]
00:12 FluxGitRepositoryIgonreSuffixes [input/examples]
00:12 FluxGitRepositoryOrganizationDomains [input/examples]
00:13 FluxGitRepositorySpecificBranch [input/examples]
00:13 FluxGitRepositoryUntrustedDomains [input/examples]
00:13 FluxHelmReleaseMaxHistory [input/examples]
00:13 FluxHelmReleaseRemediationRetries [input/examples]
00:13 FluxHelmReleaseServiceAccountName [input/examples]
00:13 FluxHelmReleaseStorageNamespace [input/examples]
00:13 FluxHelmReleaseTargetNameSpace [input/examples]
00:13 FluxHelmReleaseValuesFromConfigMaps [input/examples]
00:13 FluxHelmRepositoryURL [input/examples]
00:13 FluxKustomizationDecryptionProvider [input/examples]
00:13 FluxKustomizationPaths [input/examples]
00:13 FluxKustomizationTargetNamespace [input/examples]
00:13 FluxKustomizeImagesRequirement [input/examples]
00:13 FluxKustomizePatchesRequirement [input/examples]
00:13 FluxKustomizePrune [input/examples]
00:13 FluxOCIRepositoryIgonreSuffixes [input/examples]
00:13 FluxOCIRepositoryLayerSelector [input/examples]
00:13 FluxOCIRepositoryOrganizationDomains [input/examples]
00:13 FluxOCIRepositoryPatchAnnotation [input/examples]
00:13 FluxResourceReconcileInterval [input/examples]
00:13 FluxResourceWaiverList [input/examples]
00:13 IngressClass [input/examples]
00:13 IngressHostname [input/examples]
00:13   Yaml tests failed
00:13 IstioGatewayHosts [input/examples]
00:13 IstioNamespaceLabelInjection [input/examples]
00:13 KubernetesKubeletVersion [input/examples]
00:13 KubernetesProhibitKind [input/examples]
00:13 NamespaceLimitRangeMinMax [input/examples]
00:13 NamespacePodQuota [input/examples]
00:13 NamespaceResourceQuotas [input/examples]
00:13 NetworkPolicyAllowEgressAllFromNamespace [input/examples]
00:13 NetworkPolicyAllowEgressAllFromNamespaceToCIDR [input/examples]
00:13 NetworkPolicyAllowEgressDNSFromNamespace [input/examples]
00:13 NetworkPolicyAllowEgressFromNamespaceToNamespace [input/examples]
00:13 NetworkPolicyAllowIngressAllToNamespace [input/examples]
00:13 NetworkPolicyAllowIngressAllToNamespaceFromCIDR [input/examples]
00:13 NetworkPolicyAllowIngressFromNamespaceToNamespace [input/examples]
00:13 NetworkPolicyBlockEgressAllFromNamespace [input/examples]
00:13 NetworkPolicyBlockEgressAllFromNamespaceToCIDR [input/examples]
00:13 NetworkPolicyBlockIngressAllToNamespace [input/examples]
00:13 NetworkPolicyBlockIngressAllToNamespaceFromCIDR [input/examples]
00:13 NodeCustomLabel [input/examples]
00:13   Yaml tests failed
00:13 NodeKernelVersion [input/examples]
00:13   Policy without rules
00:13 NodeMissingLabel [input/examples]
00:13   Yaml tests failed
00:13 NodeOSVersion [input/examples]
00:13   Yaml tests failed
00:13 PersistentVolumeAccessModes [input/examples]
00:13 PersistentVolumeClaimMaxSize [input/examples]
00:13 PersistentVolumeClaimSnapshot [input/examples]
00:13 PersistentVolumeMaxSize [input/examples]
00:13 PrometheusAnnotationKey [input/examples]
00:13 PrometheusAnnotationValue [input/examples]
00:13 PrometheusServiceAnnontationKey [input/examples]
00:13   Yaml tests failed
00:13 RBACProhibitEditingConfigMaps [input/examples]
00:13 RBACProhibitVerbsOnResources [input/examples]
00:13 RBACProhibitWildcards [input/examples]
00:13 Done.
